Determining if the pthread_create exist failed with the following output:
Change Dir: /home/cs4752/ros_ws/build/CMakeFiles/CMakeTmp

Run Build Command:/usr/bin/make "cmTryCompileExec2884682858/fast"
/usr/bin/make -f CMakeFiles/cmTryCompileExec2884682858.dir/build.make CMakeFiles/cmTryCompileExec2884682858.dir/build
make[1]: Entering directory `/home/cs4752/ros_ws/build/CMakeFiles/CMakeTmp'
/usr/bin/cmake -E cmake_progress_report /home/cs4752/ros_ws/build/CMakeFiles/CMakeTmp/CMakeFiles 1
Building C object CMakeFiles/cmTryCompileExec2884682858.dir/CheckSymbolExists.c.o
/usr/bin/cc    -o CMakeFiles/cmTryCompileExec2884682858.dir/CheckSymbolExists.c.o   -c /home/cs4752/ros_ws/build/CMakeFiles/CMakeTmp/CheckSymbolExists.c
Linking C executable cmTryCompileExec2884682858
/usr/bin/cmake -E cmake_link_script CMakeFiles/cmTryCompileExec2884682858.dir/link.txt --verbose=1
/usr/bin/cc       CMakeFiles/cmTryCompileExec2884682858.dir/CheckSymbolExists.c.o  -o cmTryCompileExec2884682858 -rdynamic 
CMakeFiles/cmTryCompileExec2884682858.dir/CheckSymbolExists.c.o: In function `main':
CheckSymbolExists.c:(.text+0x16): undefined reference to `pthread_create'
collect2: error: ld returned 1 exit status
make[1]: *** [cmTryCompileExec2884682858] Error 1
make[1]: Leaving directory `/home/cs4752/ros_ws/build/CMakeFiles/CMakeTmp'
make: *** [cmTryCompileExec2884682858/fast] Error 2

File /home/cs4752/ros_ws/build/CMakeFiles/CMakeTmp/CheckSymbolExists.c:
/* */
#include <pthread.h>

int main(int argc, char** argv)
{
  (void)argv;
#ifndef pthread_create
  return ((int*)(&pthread_create))[argc];
#else
  (void)argc;
  return 0;
#endif
}

Determining if the function pthread_create exists in the pthreads failed with the following output:
Change Dir: /home/cs4752/ros_ws/build/CMakeFiles/CMakeTmp

Run Build Command:/usr/bin/make "cmTryCompileExec612924822/fast"
/usr/bin/make -f CMakeFiles/cmTryCompileExec612924822.dir/build.make CMakeFiles/cmTryCompileExec612924822.dir/build
make[1]: Entering directory `/home/cs4752/ros_ws/build/CMakeFiles/CMakeTmp'
/usr/bin/cmake -E cmake_progress_report /home/cs4752/ros_ws/build/CMakeFiles/CMakeTmp/CMakeFiles 1
Building C object CMakeFiles/cmTryCompileExec612924822.dir/CheckFunctionExists.c.o
/usr/bin/cc   -DCHECK_FUNCTION_EXISTS=pthread_create   -o CMakeFiles/cmTryCompileExec612924822.dir/CheckFunctionExists.c.o   -c /usr/share/cmake-2.8/Modules/CheckFunctionExists.c
Linking C executable cmTryCompileExec612924822
/usr/bin/cmake -E cmake_link_script CMakeFiles/cmTryCompileExec612924822.dir/link.txt --verbose=1
/usr/bin/cc   -DCHECK_FUNCTION_EXISTS=pthread_create    CMakeFiles/cmTryCompileExec612924822.dir/CheckFunctionExists.c.o  -o cmTryCompileExec612924822 -rdynamic -lpthreads 
/usr/bin/ld: cannot find -lpthreads
collect2: error: ld returned 1 exit status
make[1]: *** [cmTryCompileExec612924822] Error 1
make[1]: Leaving directory `/home/cs4752/ros_ws/build/CMakeFiles/CMakeTmp'
make: *** [cmTryCompileExec612924822/fast] Error 2


Determining if the Q_WS_WIN exist failed with the following output:
Change Dir: /home/cs4752/ros_ws/build/CMakeFiles/CMakeTmp

Run Build Command:/usr/bin/make "cmTryCompileExec1690842987/fast"
/usr/bin/make -f CMakeFiles/cmTryCompileExec1690842987.dir/build.make CMakeFiles/cmTryCompileExec1690842987.dir/build
make[1]: Entering directory `/home/cs4752/ros_ws/build/CMakeFiles/CMakeTmp'
/usr/bin/cmake -E cmake_progress_report /home/cs4752/ros_ws/build/CMakeFiles/CMakeTmp/CMakeFiles 1
Building CXX object CMakeFiles/cmTryCompileExec1690842987.dir/CheckSymbolExists.cxx.o
/usr/bin/c++    -I/usr/include/qt4    -o CMakeFiles/cmTryCompileExec1690842987.dir/CheckSymbolExists.cxx.o -c /home/cs4752/ros_ws/build/CMakeFiles/CMakeTmp/CheckSymbolExists.cxx
/home/cs4752/ros_ws/build/CMakeFiles/CMakeTmp/CheckSymbolExists.cxx: In function ‘int main(int, char**)’:
/home/cs4752/ros_ws/build/CMakeFiles/CMakeTmp/CheckSymbolExists.cxx:8:19: error: ‘Q_WS_WIN’ was not declared in this scope
   return ((int*)(&Q_WS_WIN))[argc];
                   ^
make[1]: *** [CMakeFiles/cmTryCompileExec1690842987.dir/CheckSymbolExists.cxx.o] Error 1
make[1]: Leaving directory `/home/cs4752/ros_ws/build/CMakeFiles/CMakeTmp'
make: *** [cmTryCompileExec1690842987/fast] Error 2

File /home/cs4752/ros_ws/build/CMakeFiles/CMakeTmp/CheckSymbolExists.cxx:
/* */
#include <QtCore/qglobal.h>

int main(int argc, char** argv)
{
  (void)argv;
#ifndef Q_WS_WIN
  return ((int*)(&Q_WS_WIN))[argc];
#else
  (void)argc;
  return 0;
#endif
}

Determining if the Q_WS_QWS exist failed with the following output:
Change Dir: /home/cs4752/ros_ws/build/CMakeFiles/CMakeTmp

Run Build Command:/usr/bin/make "cmTryCompileExec941775388/fast"
/usr/bin/make -f CMakeFiles/cmTryCompileExec941775388.dir/build.make CMakeFiles/cmTryCompileExec941775388.dir/build
make[1]: Entering directory `/home/cs4752/ros_ws/build/CMakeFiles/CMakeTmp'
/usr/bin/cmake -E cmake_progress_report /home/cs4752/ros_ws/build/CMakeFiles/CMakeTmp/CMakeFiles 1
Building CXX object CMakeFiles/cmTryCompileExec941775388.dir/CheckSymbolExists.cxx.o
/usr/bin/c++    -I/usr/include/qt4    -o CMakeFiles/cmTryCompileExec941775388.dir/CheckSymbolExists.cxx.o -c /home/cs4752/ros_ws/build/CMakeFiles/CMakeTmp/CheckSymbolExists.cxx
/home/cs4752/ros_ws/build/CMakeFiles/CMakeTmp/CheckSymbolExists.cxx: In function ‘int main(int, char**)’:
/home/cs4752/ros_ws/build/CMakeFiles/CMakeTmp/CheckSymbolExists.cxx:8:19: error: ‘Q_WS_QWS’ was not declared in this scope
   return ((int*)(&Q_WS_QWS))[argc];
                   ^
make[1]: *** [CMakeFiles/cmTryCompileExec941775388.dir/CheckSymbolExists.cxx.o] Error 1
make[1]: Leaving directory `/home/cs4752/ros_ws/build/CMakeFiles/CMakeTmp'
make: *** [cmTryCompileExec941775388/fast] Error 2

File /home/cs4752/ros_ws/build/CMakeFiles/CMakeTmp/CheckSymbolExists.cxx:
/* */
#include <QtCore/qglobal.h>

int main(int argc, char** argv)
{
  (void)argv;
#ifndef Q_WS_QWS
  return ((int*)(&Q_WS_QWS))[argc];
#else
  (void)argc;
  return 0;
#endif
}

Determining if the Q_WS_MAC exist failed with the following output:
Change Dir: /home/cs4752/ros_ws/build/CMakeFiles/CMakeTmp

Run Build Command:/usr/bin/make "cmTryCompileExec1402610968/fast"
/usr/bin/make -f CMakeFiles/cmTryCompileExec1402610968.dir/build.make CMakeFiles/cmTryCompileExec1402610968.dir/build
make[1]: Entering directory `/home/cs4752/ros_ws/build/CMakeFiles/CMakeTmp'
/usr/bin/cmake -E cmake_progress_report /home/cs4752/ros_ws/build/CMakeFiles/CMakeTmp/CMakeFiles 1
Building CXX object CMakeFiles/cmTryCompileExec1402610968.dir/CheckSymbolExists.cxx.o
/usr/bin/c++    -I/usr/include/qt4    -o CMakeFiles/cmTryCompileExec1402610968.dir/CheckSymbolExists.cxx.o -c /home/cs4752/ros_ws/build/CMakeFiles/CMakeTmp/CheckSymbolExists.cxx
/home/cs4752/ros_ws/build/CMakeFiles/CMakeTmp/CheckSymbolExists.cxx: In function ‘int main(int, char**)’:
/home/cs4752/ros_ws/build/CMakeFiles/CMakeTmp/CheckSymbolExists.cxx:8:19: error: ‘Q_WS_MAC’ was not declared in this scope
   return ((int*)(&Q_WS_MAC))[argc];
                   ^
make[1]: *** [CMakeFiles/cmTryCompileExec1402610968.dir/CheckSymbolExists.cxx.o] Error 1
make[1]: Leaving directory `/home/cs4752/ros_ws/build/CMakeFiles/CMakeTmp'
make: *** [cmTryCompileExec1402610968/fast] Error 2

File /home/cs4752/ros_ws/build/CMakeFiles/CMakeTmp/CheckSymbolExists.cxx:
/* */
#include <QtCore/qglobal.h>

int main(int argc, char** argv)
{
  (void)argv;
#ifndef Q_WS_MAC
  return ((int*)(&Q_WS_MAC))[argc];
#else
  (void)argc;
  return 0;
#endif
}

